<?xml version="1.0" encoding="utf-8"?><testsuites name="pytest tests"><testsuite name="pytest" errors="0" failures="0" skipped="0" tests="17" time="7.540" timestamp="2026-02-11T19:10:04.817551+00:00" hostname="agent-env-89911d68-4376-46a7-8f1c-b9249847a53b"><testcase classname="backend.tests.test_inventory_api.TestHealthCheck" name="test_health_endpoint" time="0.105" /><testcase classname="backend.tests.test_inventory_api.TestAuthentication" name="test_login_returns_2fa_code" time="0.269" /><testcase classname="backend.tests.test_inventory_api.TestAuthentication" name="test_2fa_verification" time="0.311" /><testcase classname="backend.tests.test_inventory_api.TestAuthentication" name="test_invalid_2fa_code" time="0.309" /><testcase classname="backend.tests.test_inventory_api.TestAuthenticatedEndpoints" name="test_get_current_user" time="0.380" /><testcase classname="backend.tests.test_inventory_api.TestRatesAPI" name="test_list_rates" time="0.381" /><testcase classname="backend.tests.test_inventory_api.TestUsersAPI" name="test_list_users" time="0.339" /><testcase classname="backend.tests.test_inventory_api.TestInvitesAPI" name="test_list_invites" time="0.341" /><testcase classname="backend.tests.test_inventory_api.TestInvitesAPI" name="test_create_invite_with_unlimited_option" time="0.350" /><testcase classname="backend.tests.test_inventory_api.TestExportAPI" name="test_export_objects_xlsx" time="1.728" /><testcase classname="backend.tests.test_inventory_api.TestExportAPI" name="test_export_objects_csv" time="0.354" /><testcase classname="backend.tests.test_inventory_api.TestQAAPI" name="test_qa_queue_with_sorting" time="0.580" /><testcase classname="backend.tests.test_inventory_api.TestObjectsAPI" name="test_list_objects" time="0.391" /><testcase classname="backend.tests.test_inventory_api.TestObjectsAPI" name="test_create_object" time="0.369" /><testcase classname="backend.tests.test_inventory_api.TestReferencesAPI" name="test_list_references" time="0.355" /><testcase classname="backend.tests.test_inventory_api.TestReferencesAPI" name="test_list_categories" time="0.389" /><testcase classname="backend.tests.test_inventory_api.TestStatsAPI" name="test_overview_stats" time="0.339" /></testsuite></testsuites>